<?xml version="1.0" encoding="UTF-8"?>
<!-- Generated by org.testng.reporters.JUnitReportReporter -->
<testsuite skipped="0" hostname="CPN-IT-ANILKUMAR" name="testcases.CarrierCanadaFirstLoginTest" tests="1" failures="0" timestamp="22 May 2018 17:55:58 GMT" time="8.525" errors="0">
  <testcase name="loginTest" time="8.525" classname="testcases.CarrierCanadaFirstLoginTest"/>
</testsuite> <!-- testcases.CarrierCanadaFirstLoginTest -->
