<?xml version="1.0" encoding="UTF-8"?>
<!-- Generated by org.testng.reporters.JUnitReportReporter -->
<testsuite skipped="0" hostname="CPN-IT-ANILKUMAR" name="testcases.UnmatchedCarrierOutlookTest" tests="3" failures="0" timestamp="22 May 2018 16:37:19 GMT" time="115.818" errors="0">
  <testcase name="login" time="10.070" classname="testcases.UnmatchedCarrierOutlookTest"/>
  <testcase name="outlookloginTest" time="76.716" classname="testcases.UnmatchedCarrierOutlookTest"/>
  <testcase name="CarrierRegister" time="29.032" classname="testcases.UnmatchedCarrierOutlookTest"/>
</testsuite> <!-- testcases.UnmatchedCarrierOutlookTest -->
