<?xml version="1.0" encoding="UTF-8"?>
<!-- Generated by org.testng.reporters.JUnitReportReporter -->
<testsuite skipped="0" hostname="CPN-IT-SHANTESHH" name="testcases.CarrierSchedulePaymentTest" tests="2" failures="0" timestamp="01 Jun 2018 05:02:27 GMT" time="21.817" errors="0">
  <testcase name="loginCarrier" time="4.609" classname="testcases.CarrierSchedulePaymentTest"/>
  <testcase name="carrierPaymeNow" time="17.208" classname="testcases.CarrierSchedulePaymentTest"/>
</testsuite> <!-- testcases.CarrierSchedulePaymentTest -->
