<?xml version="1.0" encoding="UTF-8"?>
<!-- Generated by org.testng.reporters.JUnitReportReporter -->
<testsuite skipped="0" hostname="CPN-IT-ANILKUMAR" name="testcases.CarrierWireTransferTest" tests="2" failures="0" timestamp="22 May 2018 16:37:19 GMT" time="25.385" errors="0">
  <testcase name="loginTest" time="3.438" classname="testcases.CarrierWireTransferTest"/>
  <testcase name="carrierPaymenowWirTransfer" time="21.947" classname="testcases.CarrierWireTransferTest"/>
</testsuite> <!-- testcases.CarrierWireTransferTest -->
