<?xml version="1.0" encoding="UTF-8"?>
<!-- Generated by org.testng.reporters.JUnitReportReporter -->
<testsuite skipped="0" hostname="CPN-IT-ANILKUMAR" name="testcases.ShipperAdvancePaymentTest" tests="3" failures="0" timestamp="07 Jun 2018 11:42:51 GMT" time="34.290" errors="0">
  <testcase name="loginBroker" time="2.984" classname="testcases.ShipperAdvancePaymentTest"/>
  <testcase name="brokernewPayment" time="20.218" classname="testcases.ShipperAdvancePaymentTest"/>
  <testcase name="loginTest" time="11.088" classname="testcases.ShipperAdvancePaymentTest"/>
</testsuite> <!-- testcases.ShipperAdvancePaymentTest -->
