<?xml version="1.0" encoding="UTF-8"?>
<!-- Generated by org.testng.reporters.JUnitReportReporter -->
<testsuite skipped="0" hostname="CPN-IT-ANILKUMAR" name="testcases.BrokerPaymentforUnmatchedCarrierTest" tests="3" failures="0" timestamp="07 Jun 2018 11:42:51 GMT" time="45.646" errors="0">
  <testcase name="loginBroker" time="5.859" classname="testcases.BrokerPaymentforUnmatchedCarrierTest"/>
  <testcase name="brokernewPayment" time="19.939" classname="testcases.BrokerPaymentforUnmatchedCarrierTest"/>
  <testcase name="brokernewPayment" time="19.848" classname="testcases.BrokerPaymentforUnmatchedCarrierTest"/>
</testsuite> <!-- testcases.BrokerPaymentforUnmatchedCarrierTest -->
