<?xml version="1.0" encoding="UTF-8"?>
<!-- Generated by org.testng.reporters.JUnitReportReporter -->
<testsuite skipped="0" hostname="CPN-IT-SHANTESHH" name="testcases.UnmatchedNewPaymentAdminCarrierTest" tests="2" failures="0" timestamp="01 Jun 2018 05:02:26 GMT" time="17.544" errors="0">
  <testcase name="Home" time="4.986" classname="testcases.UnmatchedNewPaymentAdminCarrierTest"/>
  <testcase name="adminLogin" time="12.558" classname="testcases.UnmatchedNewPaymentAdminCarrierTest"/>
</testsuite> <!-- testcases.UnmatchedNewPaymentAdminCarrierTest -->
