<?xml version="1.0" encoding="UTF-8"?>
<!-- Generated by org.testng.reporters.JUnitReportReporter -->
<testsuite skipped="0" hostname="CPN-IT-SHANTESHH" name="testcases.BrokerRegisterCanadaTest" tests="1" failures="0" timestamp="01 Jun 2018 05:02:26 GMT" time="30.527" errors="0">
  <testcase name="BrokerRegister" time="30.527" classname="testcases.BrokerRegisterCanadaTest"/>
</testsuite> <!-- testcases.BrokerRegisterCanadaTest -->
