<?xml version="1.0" encoding="UTF-8"?>
<!-- Generated by org.testng.reporters.JUnitReportReporter -->
<testsuite skipped="0" hostname="CPN-IT-ANILKUMAR" name="testcases.BrokerOutlookTest" tests="2" failures="0" timestamp="22 May 2018 16:37:19 GMT" time="69.293" errors="0">
  <testcase name="login" time="11.555" classname="testcases.BrokerOutlookTest"/>
  <testcase name="outlookloginTest" time="57.738" classname="testcases.BrokerOutlookTest"/>
</testsuite> <!-- testcases.BrokerOutlookTest -->
