<?xml version="1.0" encoding="UTF-8"?>
<!-- Generated by org.testng.reporters.JUnitReportReporter -->
<testsuite skipped="0" hostname="CPN-IT-ANILKUMAR" name="testcases.CarrierSchedulePaymentTest" tests="2" failures="0" timestamp="22 May 2018 17:55:59 GMT" time="23.057" errors="0">
  <testcase name="loginCarrier" time="3.402" classname="testcases.CarrierSchedulePaymentTest"/>
  <testcase name="carrierPaymeNow" time="19.655" classname="testcases.CarrierSchedulePaymentTest"/>
</testsuite> <!-- testcases.CarrierSchedulePaymentTest -->
