<?xml version="1.0" encoding="UTF-8"?>
<!-- Generated by org.testng.reporters.JUnitReportReporter -->
<testsuite skipped="0" hostname="CPN-IT-ANILKUMAR" name="testcases.UnmatchedCarrierAdminTest" tests="2" failures="0" timestamp="14 Jun 2018 14:51:01 GMT" time="28.459" errors="0">
  <testcase name="Home" time="11.562" classname="testcases.UnmatchedCarrierAdminTest"/>
  <testcase name="adminLogin" time="16.897" classname="testcases.UnmatchedCarrierAdminTest"/>
</testsuite> <!-- testcases.UnmatchedCarrierAdminTest -->
