<?xml version="1.0" encoding="UTF-8"?>
<!-- Generated by org.testng.reporters.JUnitReportReporter -->
<testsuite skipped="0" hostname="CPN-IT-ANILKUMAR" name="testcases.BrokerCanadaFirstLoginTest" tests="1" failures="0" timestamp="07 Jun 2018 11:42:51 GMT" time="5.746" errors="0">
  <testcase name="loginTest" time="5.746" classname="testcases.BrokerCanadaFirstLoginTest"/>
</testsuite> <!-- testcases.BrokerCanadaFirstLoginTest -->
