<?xml version="1.0" encoding="UTF-8"?>
<!-- Generated by org.testng.reporters.JUnitReportReporter -->
<testsuite skipped="0" hostname="CPN-IT-ANILKUMAR" name="testcases.BrokerNewPaymentTest" tests="3" failures="0" timestamp="04 Jun 2018 12:02:52 GMT" time="42.929" errors="0">
  <testcase name="loginBroker" time="3.892" classname="testcases.BrokerNewPaymentTest"/>
  <testcase name="brokernewPayment" time="19.867" classname="testcases.BrokerNewPaymentTest"/>
  <testcase name="brokernewPayment" time="19.170" classname="testcases.BrokerNewPaymentTest"/>
</testsuite> <!-- testcases.BrokerNewPaymentTest -->
