<?xml version="1.0" encoding="UTF-8"?>
<!-- Generated by org.testng.reporters.JUnitReportReporter -->
<testsuite skipped="0" hostname="CPN-IT-SHANTESHH" name="testcases.BrokerDiscountsTabTest" tests="9" failures="0" timestamp="19 Jun 2018 08:46:12 GMT" time="43.383" errors="0">
  <testcase name="loginAsBroker" time="4.575" classname="testcases.BrokerDiscountsTabTest"/>
  <testcase name="verifyDiscountsTabTest" time="5.437" classname="testcases.BrokerDiscountsTabTest"/>
  <testcase name="verifyCarrierSortTest" time="6.637" classname="testcases.BrokerDiscountsTabTest"/>
  <testcase name="verifyLoadIDSortTest" time="5.790" classname="testcases.BrokerDiscountsTabTest"/>
  <testcase name="verifyInvoiceSearchTest" time="4.503" classname="testcases.BrokerDiscountsTabTest"/>
  <testcase name="verifyCompanyNameSearchTest" time="3.845" classname="testcases.BrokerDiscountsTabTest"/>
  <testcase name="verifyLoadIDSearchTest" time="3.812" classname="testcases.BrokerDiscountsTabTest"/>
  <testcase name="verifyDateSearchTest" time="4.349" classname="testcases.BrokerDiscountsTabTest"/>
  <testcase name="verifyAmountSearchTest" time="4.435" classname="testcases.BrokerDiscountsTabTest"/>
</testsuite> <!-- testcases.BrokerDiscountsTabTest -->
