<?xml version="1.0" encoding="UTF-8"?>
<!-- Generated by org.testng.reporters.JUnitReportReporter -->
<testsuite skipped="0" hostname="CPN-IT-ANILKUMAR" name="testcases.CarrierOutlookCanadaTest" tests="2" failures="0" timestamp="07 Jun 2018 11:42:51 GMT" time="46.556" errors="0">
  <testcase name="login" time="7.898" classname="testcases.CarrierOutlookCanadaTest"/>
  <testcase name="outlookloginTest" time="38.658" classname="testcases.CarrierOutlookCanadaTest"/>
</testsuite> <!-- testcases.CarrierOutlookCanadaTest -->
