<?xml version="1.0" encoding="UTF-8"?>
<!-- Generated by org.testng.reporters.JUnitReportReporter -->
<testsuite skipped="0" hostname="CPN-IT-SHANTESHH" name="testcases.BrokerCanadaFirstLoginTest" tests="1" failures="0" timestamp="01 Jun 2018 05:02:26 GMT" time="5.854" errors="0">
  <testcase name="loginTest" time="5.854" classname="testcases.BrokerCanadaFirstLoginTest"/>
</testsuite> <!-- testcases.BrokerCanadaFirstLoginTest -->
