<?xml version="1.0" encoding="UTF-8"?>
<!-- Generated by org.testng.reporters.JUnitReportReporter -->
<testsuite skipped="0" hostname="CPN-IT-ANILKUMAR" name="testcases.AdminBrokerCanadaTest" tests="2" failures="0" timestamp="07 Jun 2018 11:42:51 GMT" time="18.883" errors="0">
  <testcase name="Home" time="4.639" classname="testcases.AdminBrokerCanadaTest"/>
  <testcase name="adminLogin" time="14.244" classname="testcases.AdminBrokerCanadaTest"/>
</testsuite> <!-- testcases.AdminBrokerCanadaTest -->
