<?xml version="1.0" encoding="UTF-8"?>
<!-- Generated by org.testng.reporters.JUnitReportReporter -->
<testsuite skipped="0" hostname="CPN-IT-SHANTESHH" name="testcases.BrokerProcessedTabTest" tests="15" failures="0" timestamp="19 Jun 2018 08:46:11 GMT" time="83.351" errors="0">
  <testcase name="loginAsBroker" time="5.985" classname="testcases.BrokerProcessedTabTest"/>
  <testcase name="verifyProcessedTabTest" time="5.620" classname="testcases.BrokerProcessedTabTest"/>
  <testcase name="verifyPaySelectionSortTest" time="6.143" classname="testcases.BrokerProcessedTabTest"/>
  <testcase name="verifyDiscountSortTest" time="6.093" classname="testcases.BrokerProcessedTabTest"/>
  <testcase name="verifyPulledFromBankDateSortTest" time="6.125" classname="testcases.BrokerProcessedTabTest"/>
  <testcase name="verifyPaidToCarrierSortTest" time="6.953" classname="testcases.BrokerProcessedTabTest"/>
  <testcase name="verifyAmountPulledSortTest" time="6.689" classname="testcases.BrokerProcessedTabTest"/>
  <testcase name="verifyAmountPaidToCarrierSortTest" time="6.675" classname="testcases.BrokerProcessedTabTest"/>
  <testcase name="verifyCarrierSortTest" time="6.761" classname="testcases.BrokerProcessedTabTest"/>
  <testcase name="verifyLoadIDSortTest" time="5.558" classname="testcases.BrokerProcessedTabTest"/>
  <testcase name="verifyCompanySearchTest" time="4.325" classname="testcases.BrokerProcessedTabTest"/>
  <testcase name="verifyInvoiceSearchTest" time="3.935" classname="testcases.BrokerProcessedTabTest"/>
  <testcase name="verifyLoadIDSearchTest" time="3.826" classname="testcases.BrokerProcessedTabTest"/>
  <testcase name="verifyAmountSearchTest" time="4.310" classname="testcases.BrokerProcessedTabTest"/>
  <testcase name="verifyDateSearchTest" time="4.353" classname="testcases.BrokerProcessedTabTest"/>
</testsuite> <!-- testcases.BrokerProcessedTabTest -->
