<?xml version="1.0" encoding="UTF-8"?>
<!-- Generated by org.testng.reporters.JUnitReportReporter -->
<testsuite skipped="0" hostname="CPN-IT-SHANTESHH" name="testcases.BrokerNewPaymentTest" tests="3" failures="0" timestamp="06 Jun 2018 07:28:12 GMT" time="46.436" errors="0">
  <testcase name="loginBroker" time="10.366" classname="testcases.BrokerNewPaymentTest"/>
  <testcase name="brokernewPayment" time="18.301" classname="testcases.BrokerNewPaymentTest"/>
  <testcase name="brokernewPayment" time="17.769" classname="testcases.BrokerNewPaymentTest"/>
</testsuite> <!-- testcases.BrokerNewPaymentTest -->
