<?xml version="1.0" encoding="UTF-8"?>
<!-- Generated by org.testng.reporters.JUnitReportReporter -->
<testsuite skipped="0" hostname="CPN-IT-ANILKUMAR" name="testcases.ShipperAdvancePaymentTest" tests="3" failures="0" timestamp="23 May 2018 09:30:24 GMT" time="37.938" errors="0">
  <testcase name="loginBroker" time="7.176" classname="testcases.ShipperAdvancePaymentTest"/>
  <testcase name="brokernewPayment" time="18.991" classname="testcases.ShipperAdvancePaymentTest"/>
  <testcase name="loginTest" time="11.771" classname="testcases.ShipperAdvancePaymentTest"/>
</testsuite> <!-- testcases.ShipperAdvancePaymentTest -->
