<?xml version="1.0" encoding="UTF-8"?>
<!-- Generated by org.testng.reporters.JUnitReportReporter -->
<testsuite skipped="0" hostname="CPN-IT-SHANTESHH" name="testcases.AdminBrokerCanadaTest" tests="2" failures="0" timestamp="01 Jun 2018 05:02:26 GMT" time="17.316" errors="0">
  <testcase name="Home" time="3.947" classname="testcases.AdminBrokerCanadaTest"/>
  <testcase name="adminLogin" time="13.369" classname="testcases.AdminBrokerCanadaTest"/>
</testsuite> <!-- testcases.AdminBrokerCanadaTest -->
