<?xml version="1.0" encoding="UTF-8"?>
<!-- Generated by org.testng.reporters.JUnitReportReporter -->
<testsuite skipped="0" hostname="CPN-IT-SHANTESHH" name="testcases.UnmatchedCariierEmailVerifyNextDayTest" tests="2" failures="0" timestamp="01 Jun 2018 05:02:26 GMT" time="43.611" errors="0">
  <testcase name="login" time="8.232" classname="testcases.UnmatchedCariierEmailVerifyNextDayTest"/>
  <testcase name="outlookloginTest" time="35.379" classname="testcases.UnmatchedCariierEmailVerifyNextDayTest"/>
</testsuite> <!-- testcases.UnmatchedCariierEmailVerifyNextDayTest -->
