<?xml version="1.0" encoding="UTF-8"?>
<!-- Generated by org.testng.reporters.JUnitReportReporter -->
<testsuite skipped="0" hostname="FRG-ChrisKaenel" name="testcases.CarrierAccountLockedafter10FailedLoginsTest" tests="1" failures="0" timestamp="22 Jun 2018 14:03:40 GMT" time="113.166" errors="0">
  <testcase name="loginTest" time="113.166" classname="testcases.CarrierAccountLockedafter10FailedLoginsTest"/>
</testsuite> <!-- testcases.CarrierAccountLockedafter10FailedLoginsTest -->
