<?xml version="1.0" encoding="UTF-8"?>
<!-- Generated by org.testng.reporters.JUnitReportReporter -->
<testsuite skipped="0" hostname="CPN-IT-ANILKUMAR" name="testcases.BrokerRegisterCanadaTest" tests="1" failures="0" timestamp="07 Jun 2018 11:42:51 GMT" time="32.766" errors="0">
  <testcase name="BrokerRegister" time="32.766" classname="testcases.BrokerRegisterCanadaTest"/>
</testsuite> <!-- testcases.BrokerRegisterCanadaTest -->
