<?xml version="1.0" encoding="UTF-8"?>
<!-- Generated by org.testng.reporters.JUnitReportReporter -->
<testsuite skipped="0" hostname="CPN-IT-ANILKUMAR" name="testcases.BrokerOutlookCanadaTest" tests="2" failures="0" timestamp="23 May 2018 09:30:24 GMT" time="47.912" errors="0">
  <testcase name="login" time="8.679" classname="testcases.BrokerOutlookCanadaTest"/>
  <testcase name="outlookloginTest" time="39.233" classname="testcases.BrokerOutlookCanadaTest"/>
</testsuite> <!-- testcases.BrokerOutlookCanadaTest -->
