<?xml version="1.0" encoding="UTF-8"?>
<!-- Generated by org.testng.reporters.JUnitReportReporter -->
<testsuite skipped="0" hostname="CPN-IT-ANILKUMAR" name="testcases.BrokerOutlookCanadaTest" tests="2" failures="0" timestamp="23 May 2018 11:41:41 GMT" time="48.179" errors="0">
  <testcase name="login" time="8.766" classname="testcases.BrokerOutlookCanadaTest"/>
  <testcase name="outlookloginTest" time="39.413" classname="testcases.BrokerOutlookCanadaTest"/>
</testsuite> <!-- testcases.BrokerOutlookCanadaTest -->
