<?xml version="1.0" encoding="UTF-8"?>
<!-- Generated by org.testng.reporters.JUnitReportReporter -->
<testsuite skipped="0" hostname="CPN-IT-ANILKUMAR" name="testcases.UnmatchedCarrierWireTransferTest" tests="1" failures="0" timestamp="22 May 2018 16:37:19 GMT" time="11.623" errors="0">
  <testcase name="carrierPaymenowWirTransfer" time="11.623" classname="testcases.UnmatchedCarrierWireTransferTest"/>
</testsuite> <!-- testcases.UnmatchedCarrierWireTransferTest -->
