<?xml version="1.0" encoding="UTF-8"?>
<!-- Generated by org.testng.reporters.JUnitReportReporter -->
<testsuite skipped="0" hostname="CPN-IT-ANILKUMAR" name="testcases.AdminCarrierTest" tests="2" failures="0" timestamp="23 May 2018 07:07:22 GMT" time="19.759" errors="0">
  <testcase name="Home" time="5.122" classname="testcases.AdminCarrierTest"/>
  <testcase name="adminLogin" time="14.637" classname="testcases.AdminCarrierTest"/>
</testsuite> <!-- testcases.AdminCarrierTest -->
