<?xml version="1.0" encoding="UTF-8"?>
<!-- Generated by org.testng.reporters.JUnitReportReporter -->
<testsuite skipped="0" hostname="CPN-IT-ANILKUMAR" name="testcases.outlooklogintest" tests="1" failures="0" timestamp="22 May 2018 16:12:15 GMT" time="14.739" errors="0">
  <testcase name="loginTest" time="14.739" classname="testcases.outlooklogintest"/>
</testsuite> <!-- testcases.outlooklogintest -->
