<?xml version="1.0" encoding="UTF-8"?>
<!-- Generated by org.testng.reporters.JUnitReportReporter -->
<testsuite skipped="0" hostname="CPN-IT-SHANTESHH" name="testcases.UnmatchedCarrierOutlookNextDayTest" tests="3" failures="0" timestamp="01 Jun 2018 05:02:26 GMT" time="91.505" errors="0">
  <testcase name="login" time="9.178" classname="testcases.UnmatchedCarrierOutlookNextDayTest"/>
  <testcase name="outlookloginTest" time="53.493" classname="testcases.UnmatchedCarrierOutlookNextDayTest"/>
  <testcase name="CarrierRegister" time="28.834" classname="testcases.UnmatchedCarrierOutlookNextDayTest"/>
</testsuite> <!-- testcases.UnmatchedCarrierOutlookNextDayTest -->
