<?xml version="1.0" encoding="UTF-8"?>
<!-- Generated by org.testng.reporters.JUnitReportReporter -->
<testsuite skipped="0" hostname="CPN-IT-ANILKUMAR" name="testcases.BrokerLoginTest" tests="1" failures="0" timestamp="23 May 2018 04:41:01 GMT" time="10.866" errors="0">
  <testcase name="loginTest" time="10.866" classname="testcases.BrokerLoginTest"/>
</testsuite> <!-- testcases.BrokerLoginTest -->
