<?xml version="1.0" encoding="UTF-8"?>
<!-- Generated by org.testng.reporters.JUnitReportReporter -->
<testsuite skipped="0" hostname="CPN-IT-SHANTESHH" name="testcases.UnmatchedNewPaymentCarrierTest" tests="1" failures="0" timestamp="01 Jun 2018 05:02:26 GMT" time="23.442" errors="0">
  <testcase name="loginTest" time="23.442" classname="testcases.UnmatchedNewPaymentCarrierTest"/>
</testsuite> <!-- testcases.UnmatchedNewPaymentCarrierTest -->
