<?xml version="1.0" encoding="UTF-8"?>
<!-- Generated by org.testng.reporters.JUnitReportReporter -->
<testsuite skipped="0" hostname="CPN-IT-ANILKUMAR" name="testcases.UnmatchedNewPaymentCarrierOutlookTest" tests="2" failures="0" timestamp="23 May 2018 09:30:24 GMT" time="65.448" errors="0">
  <testcase name="login" time="12.961" classname="testcases.UnmatchedNewPaymentCarrierOutlookTest"/>
  <testcase name="outlookloginTest" time="52.487" classname="testcases.UnmatchedNewPaymentCarrierOutlookTest"/>
</testsuite> <!-- testcases.UnmatchedNewPaymentCarrierOutlookTest -->
