<?xml version="1.0" encoding="UTF-8"?>
<!-- Generated by org.testng.reporters.JUnitReportReporter -->
<testsuite skipped="0" hostname="CPN-IT-ANILKUMAR" name="testcases.UnmatchedCarrierOutlookNewPaymentTest" tests="3" failures="0" timestamp="07 Jun 2018 11:42:51 GMT" time="105.975" errors="0">
  <testcase name="login" time="9.466" classname="testcases.UnmatchedCarrierOutlookNewPaymentTest"/>
  <testcase name="outlookloginTest" time="67.480" classname="testcases.UnmatchedCarrierOutlookNewPaymentTest"/>
  <testcase name="CarrierRegister" time="29.029" classname="testcases.UnmatchedCarrierOutlookNewPaymentTest"/>
</testsuite> <!-- testcases.UnmatchedCarrierOutlookNewPaymentTest -->
