<?xml version="1.0" encoding="UTF-8"?>
<!-- Generated by org.testng.reporters.JUnitReportReporter -->
<testsuite skipped="0" hostname="CPN-IT-ANILKUMAR" name="testcases.BrokerPaymentforUnmatchedCarrierTest" tests="3" failures="0" timestamp="23 May 2018 09:30:24 GMT" time="43.766" errors="0">
  <testcase name="loginBroker" time="2.835" classname="testcases.BrokerPaymentforUnmatchedCarrierTest"/>
  <testcase name="brokernewPayment" time="19.746" classname="testcases.BrokerPaymentforUnmatchedCarrierTest"/>
  <testcase name="brokernewPayment" time="21.185" classname="testcases.BrokerPaymentforUnmatchedCarrierTest"/>
</testsuite> <!-- testcases.BrokerPaymentforUnmatchedCarrierTest -->
