<?xml version="1.0" encoding="UTF-8"?>
<!-- Generated by org.testng.reporters.JUnitReportReporter -->
<testsuite skipped="0" hostname="CPN-IT-SHANTESHH" name="testcases.ShipperSchedulePaymentTest" tests="2" failures="0" timestamp="01 Jun 2018 05:02:27 GMT" time="23.150" errors="0">
  <testcase name="loginBroker" time="4.208" classname="testcases.ShipperSchedulePaymentTest"/>
  <testcase name="brokernewPayment" time="18.942" classname="testcases.ShipperSchedulePaymentTest"/>
</testsuite> <!-- testcases.ShipperSchedulePaymentTest -->
