<?xml version="1.0" encoding="UTF-8"?>
<!-- Generated by org.testng.reporters.JUnitReportReporter -->
<testsuite skipped="0" hostname="CPN-IT-ANILKUMAR" name="testcases.BrokerOutlookTest" tests="2" failures="0" timestamp="23 May 2018 07:07:22 GMT" time="59.523" errors="0">
  <testcase name="login" time="8.671" classname="testcases.BrokerOutlookTest"/>
  <testcase name="outlookloginTest" time="50.852" classname="testcases.BrokerOutlookTest"/>
</testsuite> <!-- testcases.BrokerOutlookTest -->
