<?xml version="1.0" encoding="UTF-8"?>
<!-- Generated by org.testng.reporters.JUnitReportReporter -->
<testsuite skipped="0" hostname="CPN-IT-ANILKUMAR" name="testcases.BrokerNewPaymentTest" tests="3" failures="0" timestamp="22 May 2018 16:37:19 GMT" time="42.895" errors="0">
  <testcase name="loginBroker" time="3.004" classname="testcases.BrokerNewPaymentTest"/>
  <testcase name="brokernewPayment" time="19.741" classname="testcases.BrokerNewPaymentTest"/>
  <testcase name="brokernewPayment" time="20.150" classname="testcases.BrokerNewPaymentTest"/>
</testsuite> <!-- testcases.BrokerNewPaymentTest -->
