<?xml version="1.0" encoding="UTF-8"?>
<!-- Generated by org.testng.reporters.JUnitReportReporter -->
<testsuite skipped="0" hostname="CPN-IT-ANILKUMAR" name="testcases.CarrierFirstLoginNextDayACHTest" tests="1" failures="0" timestamp="23 May 2018 11:41:41 GMT" time="8.202" errors="0">
  <testcase name="loginTest" time="8.202" classname="testcases.CarrierFirstLoginNextDayACHTest"/>
</testsuite> <!-- testcases.CarrierFirstLoginNextDayACHTest -->
