<?xml version="1.0" encoding="UTF-8"?>
<!-- Generated by org.testng.reporters.JUnitReportReporter -->
<testsuite skipped="0" hostname="CPN-IT-ANILKUMAR" name="testcases.UnmatchedNewPaymentCarrierTest" tests="1" failures="0" timestamp="23 May 2018 09:30:24 GMT" time="20.541" errors="0">
  <testcase name="loginTest" time="20.541" classname="testcases.UnmatchedNewPaymentCarrierTest"/>
</testsuite> <!-- testcases.UnmatchedNewPaymentCarrierTest -->
