<?xml version="1.0" encoding="UTF-8"?>
<!-- Generated by org.testng.reporters.JUnitReportReporter -->
<testsuite skipped="0" hostname="CPN-IT-ANILKUMAR" name="testcases.UnmatchedCariierEmailVerifyNextDayTest" tests="2" failures="0" timestamp="22 May 2018 17:55:58 GMT" time="54.297" errors="0">
  <testcase name="login" time="10.291" classname="testcases.UnmatchedCariierEmailVerifyNextDayTest"/>
  <testcase name="outlookloginTest" time="44.006" classname="testcases.UnmatchedCariierEmailVerifyNextDayTest"/>
</testsuite> <!-- testcases.UnmatchedCariierEmailVerifyNextDayTest -->
