<?xml version="1.0" encoding="UTF-8"?>
<!-- Generated by org.testng.reporters.JUnitReportReporter -->
<testsuite skipped="0" hostname="CPN-IT-ANILKUMAR" name="testcases.CarrierFirstLoginSameDayTest" tests="1" failures="0" timestamp="23 May 2018 07:22:20 GMT" time="9.710" errors="0">
  <testcase name="loginTest" time="9.710" classname="testcases.CarrierFirstLoginSameDayTest"/>
</testsuite> <!-- testcases.CarrierFirstLoginSameDayTest -->
