<?xml version="1.0" encoding="UTF-8"?>
<!-- Generated by org.testng.reporters.JUnitReportReporter -->
<testsuite skipped="0" hostname="CPN-IT-ANILKUMAR" name="testcases.UnmatchedCarrierOutlookTest" tests="3" failures="0" timestamp="23 May 2018 07:22:20 GMT" time="106.492" errors="0">
  <testcase name="login" time="13.266" classname="testcases.UnmatchedCarrierOutlookTest"/>
  <testcase name="outlookloginTest" time="64.089" classname="testcases.UnmatchedCarrierOutlookTest"/>
  <testcase name="CarrierRegister" time="29.137" classname="testcases.UnmatchedCarrierOutlookTest"/>
</testsuite> <!-- testcases.UnmatchedCarrierOutlookTest -->
