<?xml version="1.0" encoding="UTF-8"?>
<!-- Generated by org.testng.reporters.JUnitReportReporter -->
<testsuite skipped="0" hostname="CPN-IT-SHANTESHH" name="testcases.BrokerBulkUploadPaymentsUnmatchedCarrierTest" tests="11" failures="0" timestamp="19 Jun 2018 07:21:08 GMT" time="32.647" errors="0">
  <testcase name="loginBroker" time="3.386" classname="testcases.BrokerBulkUploadPaymentsUnmatchedCarrierTest"/>
  <testcase name="verifyBulkUploadPaymentsmatched" time="0.001" classname="testcases.BrokerBulkUploadPaymentsUnmatchedCarrierTest"/>
  <testcase name="verifynewPayment" time="1.130" classname="testcases.BrokerBulkUploadPaymentsUnmatchedCarrierTest"/>
  <testcase name="verifyUploadFile" time="4.214" classname="testcases.BrokerBulkUploadPaymentsUnmatchedCarrierTest"/>
  <testcase name="verifyClickimport" time="2.045" classname="testcases.BrokerBulkUploadPaymentsUnmatchedCarrierTest"/>
  <testcase name="verifyClickschpayment" time="3.139" classname="testcases.BrokerBulkUploadPaymentsUnmatchedCarrierTest"/>
  <testcase name="verifyClickGridDown" time="3.107" classname="testcases.BrokerBulkUploadPaymentsUnmatchedCarrierTest"/>
  <testcase name="verifyclickAmountSortTest" time="4.510" classname="testcases.BrokerBulkUploadPaymentsUnmatchedCarrierTest"/>
  <testcase name="verifyclickLoadIDSortTest" time="4.394" classname="testcases.BrokerBulkUploadPaymentsUnmatchedCarrierTest"/>
  <testcase name="verifyAmountSearchTest" time="3.400" classname="testcases.BrokerBulkUploadPaymentsUnmatchedCarrierTest"/>
  <testcase name="verifyLoadIDNumSearchTest" time="3.321" classname="testcases.BrokerBulkUploadPaymentsUnmatchedCarrierTest"/>
</testsuite> <!-- testcases.BrokerBulkUploadPaymentsUnmatchedCarrierTest -->
