<?xml version="1.0" encoding="UTF-8"?>
<!-- Generated by org.testng.reporters.JUnitReportReporter -->
<testsuite skipped="0" hostname="CPN-IT-ANILKUMAR" name="testcases.UnmatchedCarrierOutlooksameDayTest" tests="3" failures="0" timestamp="23 May 2018 07:22:20 GMT" time="91.184" errors="0">
  <testcase name="login" time="8.907" classname="testcases.UnmatchedCarrierOutlooksameDayTest"/>
  <testcase name="outlookloginTest" time="53.167" classname="testcases.UnmatchedCarrierOutlooksameDayTest"/>
  <testcase name="CarrierRegister" time="29.110" classname="testcases.UnmatchedCarrierOutlooksameDayTest"/>
</testsuite> <!-- testcases.UnmatchedCarrierOutlooksameDayTest -->
