<?xml version="1.0" encoding="UTF-8"?>
<!-- Generated by org.testng.reporters.JUnitReportReporter -->
<testsuite skipped="0" hostname="CPN-IT-ANILKUMAR" name="testcases.UnmatchedNewPaymentCarrierTest" tests="1" failures="0" timestamp="23 May 2018 11:41:41 GMT" time="22.428" errors="0">
  <testcase name="loginTest" time="22.428" classname="testcases.UnmatchedNewPaymentCarrierTest"/>
</testsuite> <!-- testcases.UnmatchedNewPaymentCarrierTest -->
