<?xml version="1.0" encoding="UTF-8"?>
<!-- Generated by org.testng.reporters.JUnitReportReporter -->
<testsuite skipped="0" hostname="CPN-IT-ANILKUMAR" name="testcases.UnmatchedNewPaymentCarrierOutlookTest" tests="2" failures="0" timestamp="23 May 2018 11:41:41 GMT" time="48.804" errors="0">
  <testcase name="login" time="9.040" classname="testcases.UnmatchedNewPaymentCarrierOutlookTest"/>
  <testcase name="outlookloginTest" time="39.764" classname="testcases.UnmatchedNewPaymentCarrierOutlookTest"/>
</testsuite> <!-- testcases.UnmatchedNewPaymentCarrierOutlookTest -->
