<?xml version="1.0" encoding="UTF-8"?>
<!-- Generated by org.testng.reporters.JUnitReportReporter -->
<testsuite skipped="0" hostname="CPN-IT-ANILKUMAR" name="testcases.UnmatchedCarrierAdminTest" tests="2" failures="0" timestamp="22 May 2018 16:37:19 GMT" time="19.525" errors="0">
  <testcase name="Home" time="4.551" classname="testcases.UnmatchedCarrierAdminTest"/>
  <testcase name="adminLogin" time="14.974" classname="testcases.UnmatchedCarrierAdminTest"/>
</testsuite> <!-- testcases.UnmatchedCarrierAdminTest -->
