<?xml version="1.0" encoding="UTF-8"?>
<!-- Generated by org.testng.reporters.JUnitReportReporter -->
<testsuite skipped="0" hostname="CPN-IT-ANILKUMAR" name="testcases.BrokerOutlookCanadaTest" tests="2" failures="0" timestamp="07 Jun 2018 11:42:51 GMT" time="46.618" errors="0">
  <testcase name="login" time="7.165" classname="testcases.BrokerOutlookCanadaTest"/>
  <testcase name="outlookloginTest" time="39.453" classname="testcases.BrokerOutlookCanadaTest"/>
</testsuite> <!-- testcases.BrokerOutlookCanadaTest -->
