<?xml version="1.0" encoding="UTF-8"?>
<!-- Generated by org.testng.reporters.JUnitReportReporter -->
<testsuite skipped="0" hostname="CPN-IT-ANILKUMAR" name="testcases.UnmatchedCarrierOutlooksameDayTest" tests="3" failures="0" timestamp="22 May 2018 16:37:19 GMT" time="100.167" errors="0">
  <testcase name="login" time="17.059" classname="testcases.UnmatchedCarrierOutlooksameDayTest"/>
  <testcase name="outlookloginTest" time="54.122" classname="testcases.UnmatchedCarrierOutlooksameDayTest"/>
  <testcase name="CarrierRegister" time="28.986" classname="testcases.UnmatchedCarrierOutlooksameDayTest"/>
</testsuite> <!-- testcases.UnmatchedCarrierOutlooksameDayTest -->
