<?xml version="1.0" encoding="UTF-8"?>
<!-- Generated by org.testng.reporters.JUnitReportReporter -->
<testsuite skipped="0" hostname="CPN-IT-ANILKUMAR" name="testcases.CarrierCanadaFirstLoginTest" tests="1" failures="0" timestamp="23 May 2018 09:30:24 GMT" time="7.034" errors="0">
  <testcase name="loginTest" time="7.034" classname="testcases.CarrierCanadaFirstLoginTest"/>
</testsuite> <!-- testcases.CarrierCanadaFirstLoginTest -->
