<?xml version="1.0" encoding="UTF-8"?>
<!-- Generated by org.testng.reporters.JUnitReportReporter -->
<testsuite skipped="0" hostname="CPN-IT-ANILKUMAR" name="testcases.BrokerNewPaymentTest" tests="3" failures="0" timestamp="23 May 2018 07:22:20 GMT" time="41.689" errors="0">
  <testcase name="loginBroker" time="3.467" classname="testcases.BrokerNewPaymentTest"/>
  <testcase name="brokernewPayment" time="18.977" classname="testcases.BrokerNewPaymentTest"/>
  <testcase name="brokernewPayment" time="19.245" classname="testcases.BrokerNewPaymentTest"/>
</testsuite> <!-- testcases.BrokerNewPaymentTest -->
