<?xml version="1.0" encoding="UTF-8"?>
<!-- Generated by org.testng.reporters.JUnitReportReporter -->
<testsuite skipped="0" hostname="CPN-IT-ANILKUMAR" name="testcases.AdminCarrierCanadaTest" tests="2" failures="0" timestamp="23 May 2018 09:30:24 GMT" time="19.067" errors="0">
  <testcase name="Home" time="4.374" classname="testcases.AdminCarrierCanadaTest"/>
  <testcase name="adminLogin" time="14.693" classname="testcases.AdminCarrierCanadaTest"/>
</testsuite> <!-- testcases.AdminCarrierCanadaTest -->
