<?xml version="1.0" encoding="UTF-8"?>
<!-- Generated by org.testng.reporters.JUnitReportReporter -->
<testsuite skipped="0" hostname="CPN-IT-ANILKUMAR" name="testcases.UnmatchedCarrierAdminNextDayTest" tests="2" failures="0" timestamp="23 May 2018 11:41:41 GMT" time="20.260" errors="0">
  <testcase name="Home" time="5.589" classname="testcases.UnmatchedCarrierAdminNextDayTest"/>
  <testcase name="adminLogin" time="14.671" classname="testcases.UnmatchedCarrierAdminNextDayTest"/>
</testsuite> <!-- testcases.UnmatchedCarrierAdminNextDayTest -->
