<?xml version="1.0" encoding="UTF-8"?>
<!-- Generated by org.testng.reporters.JUnitReportReporter -->
<testsuite skipped="0" hostname="CPN-IT-SHANTESHH" name="testcases.BrokerBulkUploadPaymentsmatchedCarrierTest" tests="11" failures="0" timestamp="19 Jun 2018 07:21:08 GMT" time="36.177" errors="0">
  <testcase name="loginBroker" time="6.643" classname="testcases.BrokerBulkUploadPaymentsmatchedCarrierTest"/>
  <testcase name="verifyBulkUploadPaymentsmatched" time="0.003" classname="testcases.BrokerBulkUploadPaymentsmatchedCarrierTest"/>
  <testcase name="verifynewPayment" time="1.106" classname="testcases.BrokerBulkUploadPaymentsmatchedCarrierTest"/>
  <testcase name="verifyUploadFile" time="4.477" classname="testcases.BrokerBulkUploadPaymentsmatchedCarrierTest"/>
  <testcase name="verifyClickimport" time="2.049" classname="testcases.BrokerBulkUploadPaymentsmatchedCarrierTest"/>
  <testcase name="verifyClickschpayment" time="3.125" classname="testcases.BrokerBulkUploadPaymentsmatchedCarrierTest"/>
  <testcase name="verifyClickGridDown" time="3.120" classname="testcases.BrokerBulkUploadPaymentsmatchedCarrierTest"/>
  <testcase name="verifyclickAmountSortTest" time="4.455" classname="testcases.BrokerBulkUploadPaymentsmatchedCarrierTest"/>
  <testcase name="verifyclickLoadIDSortTest" time="4.412" classname="testcases.BrokerBulkUploadPaymentsmatchedCarrierTest"/>
  <testcase name="verifyAmountSearchTest" time="3.413" classname="testcases.BrokerBulkUploadPaymentsmatchedCarrierTest"/>
  <testcase name="verifyLoadIDNumSearchTest" time="3.374" classname="testcases.BrokerBulkUploadPaymentsmatchedCarrierTest"/>
</testsuite> <!-- testcases.BrokerBulkUploadPaymentsmatchedCarrierTest -->
