<?xml version="1.0" encoding="UTF-8"?>
<!-- Generated by org.testng.reporters.JUnitReportReporter -->
<testsuite skipped="0" hostname="CPN-IT-ANILKUMAR" name="testcases.ShipperAdvancePaymentTest" tests="3" failures="0" timestamp="23 May 2018 11:41:41 GMT" time="40.377" errors="0">
  <testcase name="loginBroker" time="9.324" classname="testcases.ShipperAdvancePaymentTest"/>
  <testcase name="brokernewPayment" time="19.707" classname="testcases.ShipperAdvancePaymentTest"/>
  <testcase name="loginTest" time="11.346" classname="testcases.ShipperAdvancePaymentTest"/>
</testsuite> <!-- testcases.ShipperAdvancePaymentTest -->
