<?xml version="1.0" encoding="UTF-8"?>
<!-- Generated by org.testng.reporters.JUnitReportReporter -->
<testsuite skipped="0" hostname="CPN-IT-ANILKUMAR" name="testcases.AdminBrokerTest" tests="2" failures="0" timestamp="23 May 2018 07:07:22 GMT" time="19.543" errors="0">
  <testcase name="Home" time="5.113" classname="testcases.AdminBrokerTest"/>
  <testcase name="adminLogin" time="14.430" classname="testcases.AdminBrokerTest"/>
</testsuite> <!-- testcases.AdminBrokerTest -->
