<?xml version="1.0" encoding="UTF-8"?>
<!-- Generated by org.testng.reporters.JUnitReportReporter -->
<testsuite skipped="0" hostname="CPN-IT-ANILKUMAR" name="testcases.ShipperSchedulePaymentTest" tests="2" failures="0" timestamp="07 Jun 2018 11:42:51 GMT" time="23.330" errors="0">
  <testcase name="loginBroker" time="3.680" classname="testcases.ShipperSchedulePaymentTest"/>
  <testcase name="brokernewPayment" time="19.650" classname="testcases.ShipperSchedulePaymentTest"/>
</testsuite> <!-- testcases.ShipperSchedulePaymentTest -->
