<?xml version="1.0" encoding="UTF-8"?>
<!-- Generated by org.testng.reporters.JUnitReportReporter -->
<testsuite skipped="0" hostname="CPN-IT-SHANTESHH" name="testcases.UnmatchedCarrierNextDayACHTest" tests="1" failures="0" timestamp="01 Jun 2018 05:02:27 GMT" time="35.011" errors="0">
  <testcase name="carrierPaymenowNextDAYACH" time="35.011" classname="testcases.UnmatchedCarrierNextDayACHTest"/>
</testsuite> <!-- testcases.UnmatchedCarrierNextDayACHTest -->
