<?xml version="1.0" encoding="UTF-8"?>
<!-- Generated by org.testng.reporters.JUnitReportReporter -->
<testsuite skipped="0" hostname="CPN-IT-ANILKUMAR" name="testcases.AdminBrokerCanadaTest" tests="2" failures="0" timestamp="22 May 2018 17:55:59 GMT" time="19.430" errors="0">
  <testcase name="Home" time="4.577" classname="testcases.AdminBrokerCanadaTest"/>
  <testcase name="adminLogin" time="14.853" classname="testcases.AdminBrokerCanadaTest"/>
</testsuite> <!-- testcases.AdminBrokerCanadaTest -->
