<?xml version="1.0" encoding="UTF-8"?>
<!-- Generated by org.testng.reporters.JUnitReportReporter -->
<testsuite skipped="0" hostname="CPN-IT-ANILKUMAR" name="testcases.CarrierPayMeNowFuelCardTest" tests="2" failures="0" timestamp="22 May 2018 17:55:58 GMT" time="50.891" errors="0">
  <testcase name="loginTest" time="3.241" classname="testcases.CarrierPayMeNowFuelCardTest"/>
  <testcase name="carrierPaymenowFuelCard" time="47.650" classname="testcases.CarrierPayMeNowFuelCardTest"/>
</testsuite> <!-- testcases.CarrierPayMeNowFuelCardTest -->
