<?xml version="1.0" encoding="UTF-8"?>
<!-- Generated by org.testng.reporters.JUnitReportReporter -->
<testsuite skipped="0" hostname="CPN-IT-ANILKUMAR" name="testcases.BrokerPaymentforUnmatchedCarrierTest" tests="3" failures="0" timestamp="22 May 2018 17:55:58 GMT" time="42.996" errors="0">
  <testcase name="loginBroker" time="2.989" classname="testcases.BrokerPaymentforUnmatchedCarrierTest"/>
  <testcase name="brokernewPayment" time="20.209" classname="testcases.BrokerPaymentforUnmatchedCarrierTest"/>
  <testcase name="brokernewPayment" time="19.798" classname="testcases.BrokerPaymentforUnmatchedCarrierTest"/>
</testsuite> <!-- testcases.BrokerPaymentforUnmatchedCarrierTest -->
