<?xml version="1.0" encoding="UTF-8"?>
<!-- Generated by org.testng.reporters.JUnitReportReporter -->
<testsuite skipped="0" hostname="CPN-IT-SHANTESHH" name="testcases.UnmatchedCarrierAdminNextDayTest" tests="2" failures="0" timestamp="01 Jun 2018 05:02:27 GMT" time="16.361" errors="0">
  <testcase name="Home" time="4.086" classname="testcases.UnmatchedCarrierAdminNextDayTest"/>
  <testcase name="adminLogin" time="12.275" classname="testcases.UnmatchedCarrierAdminNextDayTest"/>
</testsuite> <!-- testcases.UnmatchedCarrierAdminNextDayTest -->
