<?xml version="1.0" encoding="UTF-8"?>
<!-- Generated by org.testng.reporters.JUnitReportReporter -->
<testsuite skipped="0" hostname="CPN-IT-ANILKUMAR" name="testcases.CarrierNotificationTest" tests="2" failures="0" timestamp="22 May 2018 16:37:19 GMT" time="8.243" errors="0">
  <testcase name="loginCarrier" time="3.190" classname="testcases.CarrierNotificationTest"/>
  <testcase name="carrierNotification" time="5.053" classname="testcases.CarrierNotificationTest"/>
</testsuite> <!-- testcases.CarrierNotificationTest -->
