<?xml version="1.0" encoding="UTF-8"?>
<!-- Generated by org.testng.reporters.JUnitReportReporter -->
<testsuite skipped="0" hostname="CPN-IT-ANILKUMAR" name="testcases.AdminCarrierCanadaTest" tests="2" failures="0" timestamp="22 May 2018 17:55:58 GMT" time="18.716" errors="0">
  <testcase name="Home" time="4.542" classname="testcases.AdminCarrierCanadaTest"/>
  <testcase name="adminLogin" time="14.174" classname="testcases.AdminCarrierCanadaTest"/>
</testsuite> <!-- testcases.AdminCarrierCanadaTest -->
