<?xml version="1.0" encoding="UTF-8"?>
<!-- Generated by org.testng.reporters.JUnitReportReporter -->
<testsuite skipped="0" hostname="CPN-IT-ANILKUMAR" name="testcases.ShipperSchedulePaymentTest" tests="2" failures="0" timestamp="23 May 2018 11:41:41 GMT" time="28.779" errors="0">
  <testcase name="loginBroker" time="8.252" classname="testcases.ShipperSchedulePaymentTest"/>
  <testcase name="brokernewPayment" time="20.527" classname="testcases.ShipperSchedulePaymentTest"/>
</testsuite> <!-- testcases.ShipperSchedulePaymentTest -->
