<?xml version="1.0" encoding="UTF-8"?>
<!-- Generated by org.testng.reporters.JUnitReportReporter -->
<testsuite skipped="0" hostname="CPN-IT-ANILKUMAR" name="testcases.UnmatchedNewPaymentCarrierTest" tests="1" failures="0" timestamp="07 Jun 2018 11:42:51 GMT" time="25.749" errors="0">
  <testcase name="loginTest" time="25.749" classname="testcases.UnmatchedNewPaymentCarrierTest"/>
</testsuite> <!-- testcases.UnmatchedNewPaymentCarrierTest -->
