<?xml version="1.0" encoding="UTF-8"?>
<!-- Generated by org.testng.reporters.JUnitReportReporter -->
<testsuite skipped="0" hostname="CPN-IT-SHANTESHH" name="testcases.BrokerOutlookCanadaTest" tests="2" failures="0" timestamp="01 Jun 2018 05:02:26 GMT" time="50.135" errors="0">
  <testcase name="login" time="7.951" classname="testcases.BrokerOutlookCanadaTest"/>
  <testcase name="outlookloginTest" time="42.184" classname="testcases.BrokerOutlookCanadaTest"/>
</testsuite> <!-- testcases.BrokerOutlookCanadaTest -->
