<?xml version="1.0" encoding="UTF-8"?>
<!-- Generated by org.testng.reporters.JUnitReportReporter -->
<testsuite skipped="0" hostname="CPN-IT-SHANTESHH" name="testcases.CarrierOutlookCanadaTest" tests="2" failures="0" timestamp="01 Jun 2018 05:02:27 GMT" time="52.510" errors="0">
  <testcase name="login" time="8.326" classname="testcases.CarrierOutlookCanadaTest"/>
  <testcase name="outlookloginTest" time="44.184" classname="testcases.CarrierOutlookCanadaTest"/>
</testsuite> <!-- testcases.CarrierOutlookCanadaTest -->
