<?xml version="1.0" encoding="UTF-8"?>
<!-- Generated by org.testng.reporters.JUnitReportReporter -->
<testsuite skipped="0" hostname="CPN-IT-ANILKUMAR" name="testcases.UnmatchedCariierEmailVerifyWiretRansferTest" tests="2" failures="0" timestamp="22 May 2018 16:37:19 GMT" time="58.127" errors="0">
  <testcase name="login" time="11.277" classname="testcases.UnmatchedCariierEmailVerifyWiretRansferTest"/>
  <testcase name="outlookloginTest" time="46.850" classname="testcases.UnmatchedCariierEmailVerifyWiretRansferTest"/>
</testsuite> <!-- testcases.UnmatchedCariierEmailVerifyWiretRansferTest -->
