<?xml version="1.0" encoding="UTF-8"?>
<!-- Generated by org.testng.reporters.JUnitReportReporter -->
<testsuite skipped="0" hostname="CPN-IT-ANILKUMAR" name="testcases.CarrierPayMeNowTabTest" tests="2" failures="0" timestamp="23 May 2018 07:22:20 GMT" time="14.173" errors="0">
  <testcase name="loginCarrier" time="2.882" classname="testcases.CarrierPayMeNowTabTest"/>
  <testcase name="carrierPaymeNow" time="11.291" classname="testcases.CarrierPayMeNowTabTest"/>
</testsuite> <!-- testcases.CarrierPayMeNowTabTest -->
