<?xml version="1.0" encoding="UTF-8"?>
<!-- Generated by org.testng.reporters.JUnitReportReporter -->
<testsuite skipped="0" hostname="CPN-IT-SHANTESHH" name="testcases.BrokerScheduledPaymentsTabTest" tests="14" failures="0" timestamp="19 Jun 2018 08:46:12 GMT" time="98.193" errors="0">
  <testcase name="loginAsBroker" time="7.671" classname="testcases.BrokerScheduledPaymentsTabTest"/>
  <testcase name="verifyBrokerScheduledPaymentsTabTest" time="0.324" classname="testcases.BrokerScheduledPaymentsTabTest"/>
  <testcase name="verifyclickpaymenTypeLinksortTest" time="20.865" classname="testcases.BrokerScheduledPaymentsTabTest"/>
  <testcase name="verifyclickAnticipatedPullDatesortTest" time="16.814" classname="testcases.BrokerScheduledPaymentsTabTest"/>
  <testcase name="verifyclickPayToDatesortTest" time="6.644" classname="testcases.BrokerScheduledPaymentsTabTest"/>
  <testcase name="verifyclickAmountSortTest" time="6.622" classname="testcases.BrokerScheduledPaymentsTabTest"/>
  <testcase name="verifyclickCarrierSortTest" time="6.596" classname="testcases.BrokerScheduledPaymentsTabTest"/>
  <testcase name="verifyclickinvoiceSortTest" time="6.623" classname="testcases.BrokerScheduledPaymentsTabTest"/>
  <testcase name="verifyclickLoadIDSortTest" time="5.448" classname="testcases.BrokerScheduledPaymentsTabTest"/>
  <testcase name="verifyCompanyNameSearchTest" time="4.505" classname="testcases.BrokerScheduledPaymentsTabTest"/>
  <testcase name="verifyAmountSearchTest" time="3.906" classname="testcases.BrokerScheduledPaymentsTabTest"/>
  <testcase name="verifyAnticipatedPullDateSearchTest" time="4.369" classname="testcases.BrokerScheduledPaymentsTabTest"/>
  <testcase name="verifyinvoiceNumSearchTest" time="3.867" classname="testcases.BrokerScheduledPaymentsTabTest"/>
  <testcase name="verifyLoadIDNumSearchTest" time="3.939" classname="testcases.BrokerScheduledPaymentsTabTest"/>
</testsuite> <!-- testcases.BrokerScheduledPaymentsTabTest -->
