<?xml version="1.0" encoding="UTF-8"?>
<!-- Generated by org.testng.reporters.JUnitReportReporter -->
<testsuite skipped="0" hostname="CPN-IT-ANILKUMAR" name="testcases.CarrierSchedulePaymentTest" tests="2" failures="0" timestamp="23 May 2018 09:30:24 GMT" time="36.758" errors="0">
  <testcase name="loginCarrier" time="19.419" classname="testcases.CarrierSchedulePaymentTest"/>
  <testcase name="carrierPaymeNow" time="17.339" classname="testcases.CarrierSchedulePaymentTest"/>
</testsuite> <!-- testcases.CarrierSchedulePaymentTest -->
