<?xml version="1.0" encoding="UTF-8"?>
<!-- Generated by org.testng.reporters.JUnitReportReporter -->
<testsuite skipped="0" hostname="CPN-IT-ANILKUMAR" name="testcases.UnmatchedCariierEmailVerifyNextDayTest" tests="2" failures="0" timestamp="23 May 2018 11:41:41 GMT" time="50.692" errors="0">
  <testcase name="login" time="8.661" classname="testcases.UnmatchedCariierEmailVerifyNextDayTest"/>
  <testcase name="outlookloginTest" time="42.031" classname="testcases.UnmatchedCariierEmailVerifyNextDayTest"/>
</testsuite> <!-- testcases.UnmatchedCariierEmailVerifyNextDayTest -->
