<?xml version="1.0" encoding="UTF-8"?>
<!-- Generated by org.testng.reporters.JUnitReportReporter -->
<testsuite skipped="0" hostname="CPN-IT-SHANTESHH" name="testcases.ShipperAdvancePaymentTest" tests="3" failures="0" timestamp="01 Jun 2018 05:02:26 GMT" time="32.088" errors="0">
  <testcase name="loginBroker" time="2.417" classname="testcases.ShipperAdvancePaymentTest"/>
  <testcase name="brokernewPayment" time="18.914" classname="testcases.ShipperAdvancePaymentTest"/>
  <testcase name="loginTest" time="10.757" classname="testcases.ShipperAdvancePaymentTest"/>
</testsuite> <!-- testcases.ShipperAdvancePaymentTest -->
