<?xml version="1.0" encoding="UTF-8"?>
<!-- Generated by org.testng.reporters.JUnitReportReporter -->
<testsuite skipped="0" hostname="CPN-IT-ANILKUMAR" name="testcases.UnmatchedCarrierOutlookNextDayTest" tests="3" failures="0" timestamp="23 May 2018 09:30:24 GMT" time="95.981" errors="0">
  <testcase name="login" time="8.884" classname="testcases.UnmatchedCarrierOutlookNextDayTest"/>
  <testcase name="outlookloginTest" time="57.282" classname="testcases.UnmatchedCarrierOutlookNextDayTest"/>
  <testcase name="CarrierRegister" time="29.815" classname="testcases.UnmatchedCarrierOutlookNextDayTest"/>
</testsuite> <!-- testcases.UnmatchedCarrierOutlookNextDayTest -->
