<?xml version="1.0" encoding="UTF-8"?>
<!-- Generated by org.testng.reporters.JUnitReportReporter -->
<testsuite skipped="0" hostname="CPN-IT-ANILKUMAR" name="testcases.CarrierOutlookCanadaTest" tests="2" failures="0" timestamp="23 May 2018 09:30:24 GMT" time="60.606" errors="0">
  <testcase name="login" time="10.872" classname="testcases.CarrierOutlookCanadaTest"/>
  <testcase name="outlookloginTest" time="49.734" classname="testcases.CarrierOutlookCanadaTest"/>
</testsuite> <!-- testcases.CarrierOutlookCanadaTest -->
