<?xml version="1.0" encoding="UTF-8"?>
<!-- Generated by org.testng.reporters.JUnitReportReporter -->
<testsuite skipped="0" hostname="CPN-IT-ANILKUMAR" name="testcases.UnmatchedCarrierAdminNextDayTest" tests="2" failures="0" timestamp="22 May 2018 17:55:59 GMT" time="18.368" errors="0">
  <testcase name="Home" time="4.577" classname="testcases.UnmatchedCarrierAdminNextDayTest"/>
  <testcase name="adminLogin" time="13.791" classname="testcases.UnmatchedCarrierAdminNextDayTest"/>
</testsuite> <!-- testcases.UnmatchedCarrierAdminNextDayTest -->
