<?xml version="1.0" encoding="UTF-8"?>
<!-- Generated by org.testng.reporters.JUnitReportReporter -->
<testsuite skipped="0" hostname="CPN-IT-ANILKUMAR" name="testcases.CarrierNotificationTest" tests="2" failures="0" timestamp="23 May 2018 07:07:22 GMT" time="8.485" errors="0">
  <testcase name="loginCarrier" time="3.518" classname="testcases.CarrierNotificationTest"/>
  <testcase name="carrierNotification" time="4.967" classname="testcases.CarrierNotificationTest"/>
</testsuite> <!-- testcases.CarrierNotificationTest -->
