<?xml version="1.0" encoding="UTF-8"?>
<!-- Generated by org.testng.reporters.JUnitReportReporter -->
<testsuite skipped="0" hostname="CPN-IT-ANILKUMAR" name="testcases.UnmatchedCarrierOutlookTest" tests="3" failures="0" timestamp="14 Jun 2018 14:51:01 GMT" time="112.633" errors="0">
  <testcase name="login" time="11.489" classname="testcases.UnmatchedCarrierOutlookTest"/>
  <testcase name="outlookloginTest" time="71.506" classname="testcases.UnmatchedCarrierOutlookTest"/>
  <testcase name="CarrierRegister" time="29.638" classname="testcases.UnmatchedCarrierOutlookTest"/>
</testsuite> <!-- testcases.UnmatchedCarrierOutlookTest -->
