<?xml version="1.0" encoding="UTF-8"?>
<!-- Generated by org.testng.reporters.JUnitReportReporter -->
<testsuite skipped="0" hostname="CPN-IT-SHANTESHH" name="testcases.BrokerNewPaymentTest" tests="15" failures="0" timestamp="19 Jun 2018 07:32:25 GMT" time="262.993" errors="0">
  <testcase name="loginBroker" time="6.570" classname="testcases.BrokerNewPaymentTest"/>
  <testcase name="brokernewPayment" time="18.380" classname="testcases.BrokerNewPaymentTest"/>
  <testcase name="brokernewPayment" time="18.354" classname="testcases.BrokerNewPaymentTest"/>
  <testcase name="brokernewPayment" time="19.204" classname="testcases.BrokerNewPaymentTest"/>
  <testcase name="brokernewPayment" time="18.360" classname="testcases.BrokerNewPaymentTest"/>
  <testcase name="brokernewPayment" time="17.990" classname="testcases.BrokerNewPaymentTest"/>
  <testcase name="brokernewPayment" time="18.149" classname="testcases.BrokerNewPaymentTest"/>
  <testcase name="brokernewPayment" time="18.455" classname="testcases.BrokerNewPaymentTest"/>
  <testcase name="brokernewPayment" time="18.317" classname="testcases.BrokerNewPaymentTest"/>
  <testcase name="brokernewPayment" time="18.067" classname="testcases.BrokerNewPaymentTest"/>
  <testcase name="brokernewPayment" time="18.339" classname="testcases.BrokerNewPaymentTest"/>
  <testcase name="brokernewPayment" time="18.463" classname="testcases.BrokerNewPaymentTest"/>
  <testcase name="brokernewPayment" time="18.425" classname="testcases.BrokerNewPaymentTest"/>
  <testcase name="brokernewPayment" time="17.980" classname="testcases.BrokerNewPaymentTest"/>
  <testcase name="brokernewPayment" time="17.940" classname="testcases.BrokerNewPaymentTest"/>
</testsuite> <!-- testcases.BrokerNewPaymentTest -->
