<?xml version="1.0" encoding="UTF-8"?>
<!-- Generated by org.testng.reporters.JUnitReportReporter -->
<testsuite skipped="0" hostname="CPN-IT-SHANTESHH" name="testcases.CarrierRegisterCanadaTest" tests="1" failures="0" timestamp="01 Jun 2018 05:02:26 GMT" time="31.899" errors="0">
  <testcase name="CarrierRegister" time="31.899" classname="testcases.CarrierRegisterCanadaTest"/>
</testsuite> <!-- testcases.CarrierRegisterCanadaTest -->
