<?xml version="1.0" encoding="UTF-8"?>
<!-- Generated by org.testng.reporters.JUnitReportReporter -->
<testsuite skipped="0" hostname="CPN-IT-ANILKUMAR" name="testcases.CariierOutlookTest" tests="2" failures="0" timestamp="23 May 2018 07:07:22 GMT" time="53.057" errors="0">
  <testcase name="login" time="9.353" classname="testcases.CariierOutlookTest"/>
  <testcase name="outlookloginTest" time="43.704" classname="testcases.CariierOutlookTest"/>
</testsuite> <!-- testcases.CariierOutlookTest -->
