<?xml version="1.0" encoding="UTF-8"?>
<!-- Generated by org.testng.reporters.JUnitReportReporter -->
<testsuite skipped="0" hostname="CPN-IT-ANILKUMAR" name="testcases.CarrierPayMeNowFuelCardTest" tests="2" failures="0" timestamp="07 Jun 2018 11:42:51 GMT" time="56.373" errors="0">
  <testcase name="loginTest" time="5.731" classname="testcases.CarrierPayMeNowFuelCardTest"/>
  <testcase name="carrierPaymenowFuelCard" time="50.642" classname="testcases.CarrierPayMeNowFuelCardTest"/>
</testsuite> <!-- testcases.CarrierPayMeNowFuelCardTest -->
