<?xml version="1.0" encoding="UTF-8"?>
<!-- Generated by org.testng.reporters.JUnitReportReporter -->
<testsuite skipped="0" hostname="CPN-IT-ANILKUMAR" name="testcases.CarrierPayMeNowFuelCardTest" tests="2" failures="0" timestamp="23 May 2018 11:41:41 GMT" time="50.174" errors="0">
  <testcase name="loginTest" time="2.915" classname="testcases.CarrierPayMeNowFuelCardTest"/>
  <testcase name="carrierPaymenowFuelCard" time="47.259" classname="testcases.CarrierPayMeNowFuelCardTest"/>
</testsuite> <!-- testcases.CarrierPayMeNowFuelCardTest -->
