<?xml version="1.0" encoding="UTF-8"?>
<!-- Generated by org.testng.reporters.JUnitReportReporter -->
<testsuite skipped="0" hostname="CPN-IT-SHANTESHH" name="testcases.AdminCarrierCanadaTest" tests="2" failures="0" timestamp="01 Jun 2018 05:02:27 GMT" time="18.420" errors="0">
  <testcase name="Home" time="4.928" classname="testcases.AdminCarrierCanadaTest"/>
  <testcase name="adminLogin" time="13.492" classname="testcases.AdminCarrierCanadaTest"/>
</testsuite> <!-- testcases.AdminCarrierCanadaTest -->
