<?xml version="1.0" encoding="UTF-8"?>
<!-- Generated by org.testng.reporters.JUnitReportReporter -->
<testsuite skipped="0" hostname="CPN-IT-ANILKUMAR" name="testcases.BrokerPaymentforUnmatchedCarrierTest" tests="3" failures="0" timestamp="14 Jun 2018 14:51:01 GMT" time="43.964" errors="0">
  <testcase name="loginBroker" time="3.559" classname="testcases.BrokerPaymentforUnmatchedCarrierTest"/>
  <testcase name="brokernewPayment" time="19.673" classname="testcases.BrokerPaymentforUnmatchedCarrierTest"/>
  <testcase name="brokernewPayment" time="20.732" classname="testcases.BrokerPaymentforUnmatchedCarrierTest"/>
</testsuite> <!-- testcases.BrokerPaymentforUnmatchedCarrierTest -->
