<?xml version="1.0" encoding="UTF-8"?>
<!-- Generated by org.testng.reporters.JUnitReportReporter -->
<testsuite skipped="0" hostname="CPN-IT-SHANTESHH" name="testcases.UnmatchedCarrierOutlookNewPaymentTest" tests="3" failures="0" timestamp="01 Jun 2018 05:02:27 GMT" time="93.636" errors="0">
  <testcase name="login" time="8.410" classname="testcases.UnmatchedCarrierOutlookNewPaymentTest"/>
  <testcase name="outlookloginTest" time="57.426" classname="testcases.UnmatchedCarrierOutlookNewPaymentTest"/>
  <testcase name="CarrierRegister" time="27.800" classname="testcases.UnmatchedCarrierOutlookNewPaymentTest"/>
</testsuite> <!-- testcases.UnmatchedCarrierOutlookNewPaymentTest -->
