<?xml version="1.0" encoding="UTF-8"?>
<!-- Generated by org.testng.reporters.JUnitReportReporter -->
<testsuite skipped="0" hostname="CPN-IT-ANILKUMAR" name="testcases.UnmatchedCarrierAdminNextDayTest" tests="2" failures="0" timestamp="07 Jun 2018 11:42:51 GMT" time="22.161" errors="0">
  <testcase name="Home" time="8.587" classname="testcases.UnmatchedCarrierAdminNextDayTest"/>
  <testcase name="adminLogin" time="13.574" classname="testcases.UnmatchedCarrierAdminNextDayTest"/>
</testsuite> <!-- testcases.UnmatchedCarrierAdminNextDayTest -->
