<?xml version="1.0" encoding="UTF-8"?>
<!-- Generated by org.testng.reporters.JUnitReportReporter -->
<testsuite skipped="0" hostname="CPN-IT-ANILKUMAR" name="testcases.UnmatchedCariierEmailVerifyTest" tests="2" failures="0" timestamp="23 May 2018 07:22:20 GMT" time="47.807" errors="0">
  <testcase name="login" time="8.655" classname="testcases.UnmatchedCariierEmailVerifyTest"/>
  <testcase name="outlookloginTest" time="39.152" classname="testcases.UnmatchedCariierEmailVerifyTest"/>
</testsuite> <!-- testcases.UnmatchedCariierEmailVerifyTest -->
