<?xml version="1.0" encoding="UTF-8"?>
<!-- Generated by org.testng.reporters.JUnitReportReporter -->
<testsuite skipped="0" hostname="CPN-IT-ANILKUMAR" name="testcases.UnmatchedCarrierAdminTest" tests="2" failures="0" timestamp="23 May 2018 07:22:20 GMT" time="22.719" errors="0">
  <testcase name="Home" time="8.719" classname="testcases.UnmatchedCarrierAdminTest"/>
  <testcase name="adminLogin" time="14.000" classname="testcases.UnmatchedCarrierAdminTest"/>
</testsuite> <!-- testcases.UnmatchedCarrierAdminTest -->
