<?xml version="1.0" encoding="UTF-8"?>
<!-- Generated by org.testng.reporters.JUnitReportReporter -->
<testsuite skipped="0" hostname="CPN-IT-ANILKUMAR" name="testcases.CarrierPayMeNowFuelCardTest" tests="2" failures="0" timestamp="23 May 2018 09:30:24 GMT" time="52.571" errors="0">
  <testcase name="loginTest" time="4.967" classname="testcases.CarrierPayMeNowFuelCardTest"/>
  <testcase name="carrierPaymenowFuelCard" time="47.604" classname="testcases.CarrierPayMeNowFuelCardTest"/>
</testsuite> <!-- testcases.CarrierPayMeNowFuelCardTest -->
