<?xml version="1.0" encoding="UTF-8"?>
<!-- Generated by org.testng.reporters.JUnitReportReporter -->
<testsuite skipped="0" hostname="CPN-IT-ANILKUMAR" name="testcases.BrokerRegisterTest" tests="1" failures="0" timestamp="23 May 2018 04:41:01 GMT" time="32.072" errors="0">
  <testcase name="BrokerRegister" time="32.072" classname="testcases.BrokerRegisterTest"/>
</testsuite> <!-- testcases.BrokerRegisterTest -->
