<?xml version="1.0" encoding="UTF-8"?>
<!-- Generated by org.testng.reporters.JUnitReportReporter -->
<testsuite skipped="0" hostname="FRG-ChrisKaenel" name="testcases.AdminSearchTest" tests="18" failures="0" timestamp="27 Jun 2018 19:06:36 GMT" time="160.321" errors="0">
  <testcase name="adminLogin" time="4.818" classname="testcases.AdminSearchTest"/>
  <testcase name="goToSearchPage" time="0.087" classname="testcases.AdminSearchTest"/>
  <testcase name="searchTest" time="10.038" classname="testcases.AdminSearchTest"/>
  <testcase name="searchTest" time="10.263" classname="testcases.AdminSearchTest"/>
  <testcase name="searchTest" time="10.212" classname="testcases.AdminSearchTest"/>
  <testcase name="searchTest" time="10.091" classname="testcases.AdminSearchTest"/>
  <testcase name="searchTest" time="10.238" classname="testcases.AdminSearchTest"/>
  <testcase name="searchTest" time="10.203" classname="testcases.AdminSearchTest"/>
  <testcase name="searchTest" time="9.957" classname="testcases.AdminSearchTest"/>
  <testcase name="searchTest" time="10.247" classname="testcases.AdminSearchTest"/>
  <testcase name="searchTest" time="6.368" classname="testcases.AdminSearchTest"/>
  <testcase name="searchTest" time="10.184" classname="testcases.AdminSearchTest"/>
  <testcase name="searchTest" time="7.363" classname="testcases.AdminSearchTest"/>
  <testcase name="searchTest" time="10.127" classname="testcases.AdminSearchTest"/>
  <testcase name="searchTest" time="10.193" classname="testcases.AdminSearchTest"/>
  <testcase name="searchTest" time="10.028" classname="testcases.AdminSearchTest"/>
  <testcase name="searchTest" time="9.928" classname="testcases.AdminSearchTest"/>
  <testcase name="searchTest" time="9.976" classname="testcases.AdminSearchTest"/>
</testsuite> <!-- testcases.AdminSearchTest -->
