<?xml version="1.0" encoding="UTF-8"?>
<!-- Generated by org.testng.reporters.JUnitReportReporter -->
<testsuite skipped="0" hostname="CPN-IT-ANILKUMAR" name="testcases.UnmatchedCarrierOutlookNextDayTest" tests="3" failures="0" timestamp="22 May 2018 17:55:59 GMT" time="100.934" errors="0">
  <testcase name="login" time="15.692" classname="testcases.UnmatchedCarrierOutlookNextDayTest"/>
  <testcase name="outlookloginTest" time="56.086" classname="testcases.UnmatchedCarrierOutlookNextDayTest"/>
  <testcase name="CarrierRegister" time="29.156" classname="testcases.UnmatchedCarrierOutlookNextDayTest"/>
</testsuite> <!-- testcases.UnmatchedCarrierOutlookNextDayTest -->
