<?xml version="1.0" encoding="UTF-8"?>
<!-- Generated by org.testng.reporters.JUnitReportReporter -->
<testsuite skipped="0" hostname="CPN-IT-ANILKUMAR" name="testcases.CariierOutlookTest" tests="2" failures="0" timestamp="22 May 2018 16:37:19 GMT" time="55.527" errors="0">
  <testcase name="login" time="9.744" classname="testcases.CariierOutlookTest"/>
  <testcase name="outlookloginTest" time="45.783" classname="testcases.CariierOutlookTest"/>
</testsuite> <!-- testcases.CariierOutlookTest -->
