<?xml version="1.0" encoding="UTF-8"?>
<!-- Generated by org.testng.reporters.JUnitReportReporter -->
<testsuite skipped="0" hostname="CPN-IT-ANILKUMAR" name="testcases.AdminBrokerTest" tests="2" failures="0" timestamp="22 May 2018 16:37:19 GMT" time="21.267" errors="0">
  <testcase name="Home" time="6.437" classname="testcases.AdminBrokerTest"/>
  <testcase name="adminLogin" time="14.830" classname="testcases.AdminBrokerTest"/>
</testsuite> <!-- testcases.AdminBrokerTest -->
