<?xml version="1.0" encoding="UTF-8"?>
<!-- Generated by org.testng.reporters.JUnitReportReporter -->
<testsuite skipped="0" hostname="CPN-IT-ANILKUMAR" name="testcases.UnmatchedCarrierOutlookNewPaymentTest" tests="3" failures="0" timestamp="23 May 2018 09:30:24 GMT" time="99.516" errors="0">
  <testcase name="login" time="8.590" classname="testcases.UnmatchedCarrierOutlookNewPaymentTest"/>
  <testcase name="outlookloginTest" time="62.153" classname="testcases.UnmatchedCarrierOutlookNewPaymentTest"/>
  <testcase name="CarrierRegister" time="28.773" classname="testcases.UnmatchedCarrierOutlookNewPaymentTest"/>
</testsuite> <!-- testcases.UnmatchedCarrierOutlookNewPaymentTest -->
