<?xml version="1.0" encoding="UTF-8"?>
<!-- Generated by org.testng.reporters.JUnitReportReporter -->
<testsuite skipped="0" hostname="CPN-IT-SHANTESHH" name="testcases.UnmatchedNewPaymentCarrierOutlookTest" tests="2" failures="0" timestamp="01 Jun 2018 05:02:27 GMT" time="48.397" errors="0">
  <testcase name="login" time="8.615" classname="testcases.UnmatchedNewPaymentCarrierOutlookTest"/>
  <testcase name="outlookloginTest" time="39.782" classname="testcases.UnmatchedNewPaymentCarrierOutlookTest"/>
</testsuite> <!-- testcases.UnmatchedNewPaymentCarrierOutlookTest -->
