<?xml version="1.0" encoding="UTF-8"?>
<!-- Generated by org.testng.reporters.JUnitReportReporter -->
<testsuite skipped="0" hostname="CPN-IT-ANILKUMAR" name="testcases.UnmatchedCariierEmailVerifyTest" tests="2" failures="0" timestamp="22 May 2018 16:37:19 GMT" time="69.306" errors="0">
  <testcase name="login" time="17.384" classname="testcases.UnmatchedCariierEmailVerifyTest"/>
  <testcase name="outlookloginTest" time="51.922" classname="testcases.UnmatchedCariierEmailVerifyTest"/>
</testsuite> <!-- testcases.UnmatchedCariierEmailVerifyTest -->
