<?xml version="1.0" encoding="UTF-8"?>
<!-- Generated by org.testng.reporters.JUnitReportReporter -->
<testsuite skipped="0" hostname="CPN-IT-ANILKUMAR" name="testcases.UnmatchedCarrierAdminSameDayTest" tests="2" failures="0" timestamp="23 May 2018 07:22:20 GMT" time="18.412" errors="0">
  <testcase name="Home" time="5.208" classname="testcases.UnmatchedCarrierAdminSameDayTest"/>
  <testcase name="adminLogin" time="13.204" classname="testcases.UnmatchedCarrierAdminSameDayTest"/>
</testsuite> <!-- testcases.UnmatchedCarrierAdminSameDayTest -->
