<?xml version="1.0" encoding="UTF-8"?>
<!-- Generated by org.testng.reporters.JUnitReportReporter -->
<testsuite skipped="0" hostname="CPN-IT-ANILKUMAR" name="testcases.UnmatchedCarrierOutlookNewPaymentTest" tests="3" failures="0" timestamp="23 May 2018 11:41:41 GMT" time="108.030" errors="0">
  <testcase name="login" time="9.958" classname="testcases.UnmatchedCarrierOutlookNewPaymentTest"/>
  <testcase name="outlookloginTest" time="69.176" classname="testcases.UnmatchedCarrierOutlookNewPaymentTest"/>
  <testcase name="CarrierRegister" time="28.896" classname="testcases.UnmatchedCarrierOutlookNewPaymentTest"/>
</testsuite> <!-- testcases.UnmatchedCarrierOutlookNewPaymentTest -->
