<?xml version="1.0" encoding="UTF-8"?>
<!-- Generated by org.testng.reporters.JUnitReportReporter -->
<testsuite skipped="0" hostname="CPN-IT-ANILKUMAR" name="testcases.CarrierSameDayACHTest" tests="2" failures="0" timestamp="23 May 2018 07:22:20 GMT" time="30.241" errors="0">
  <testcase name="loginTest" time="3.239" classname="testcases.CarrierSameDayACHTest"/>
  <testcase name="carrierPaymenowSameDayACH" time="27.002" classname="testcases.CarrierSameDayACHTest"/>
</testsuite> <!-- testcases.CarrierSameDayACHTest -->
