<?xml version="1.0" encoding="UTF-8"?>
<!-- Generated by org.testng.reporters.JUnitReportReporter -->
<testsuite skipped="0" hostname="CPN-IT-ANILKUMAR" name="testcases.CarrierSchedulePaymentTest" tests="2" failures="0" timestamp="07 Jun 2018 11:42:51 GMT" time="27.169" errors="0">
  <testcase name="loginCarrier" time="9.043" classname="testcases.CarrierSchedulePaymentTest"/>
  <testcase name="carrierPaymeNow" time="18.126" classname="testcases.CarrierSchedulePaymentTest"/>
</testsuite> <!-- testcases.CarrierSchedulePaymentTest -->
