<?xml version="1.0" encoding="UTF-8"?>
<!-- Generated by org.testng.reporters.JUnitReportReporter -->
<testsuite skipped="0" hostname="CPN-IT-ANILKUMAR" name="testcases.UnmatchedCariierEmailVerifyNextDayTest" tests="2" failures="0" timestamp="07 Jun 2018 11:42:51 GMT" time="58.353" errors="0">
  <testcase name="login" time="8.741" classname="testcases.UnmatchedCariierEmailVerifyNextDayTest"/>
  <testcase name="outlookloginTest" time="49.612" classname="testcases.UnmatchedCariierEmailVerifyNextDayTest"/>
</testsuite> <!-- testcases.UnmatchedCariierEmailVerifyNextDayTest -->
