<?xml version="1.0" encoding="UTF-8"?>
<!-- Generated by org.testng.reporters.JUnitReportReporter -->
<testsuite skipped="0" hostname="CPN-IT-ANILKUMAR" name="testcases.AdminBrokerCanadaTest" tests="2" failures="0" timestamp="23 May 2018 11:41:41 GMT" time="19.588" errors="0">
  <testcase name="Home" time="4.884" classname="testcases.AdminBrokerCanadaTest"/>
  <testcase name="adminLogin" time="14.704" classname="testcases.AdminBrokerCanadaTest"/>
</testsuite> <!-- testcases.AdminBrokerCanadaTest -->
