<?xml version="1.0" encoding="UTF-8"?>
<!-- Generated by org.testng.reporters.JUnitReportReporter -->
<testsuite skipped="0" hostname="CPN-IT-ANILKUMAR" name="testcases.CarrierCanadaFirstLoginTest" tests="1" failures="0" timestamp="23 May 2018 11:41:41 GMT" time="4.956" errors="0">
  <testcase name="loginTest" time="4.956" classname="testcases.CarrierCanadaFirstLoginTest"/>
</testsuite> <!-- testcases.CarrierCanadaFirstLoginTest -->
