<?xml version="1.0" encoding="UTF-8"?>
<!-- Generated by org.testng.reporters.JUnitReportReporter -->
<testsuite skipped="0" hostname="CPN-IT-SHANTESHH" name="testcases.CarrierPayMeNowFuelCardTest" tests="2" failures="0" timestamp="01 Jun 2018 05:02:26 GMT" time="49.179" errors="0">
  <testcase name="loginTest" time="2.301" classname="testcases.CarrierPayMeNowFuelCardTest"/>
  <testcase name="carrierPaymenowFuelCard" time="46.878" classname="testcases.CarrierPayMeNowFuelCardTest"/>
</testsuite> <!-- testcases.CarrierPayMeNowFuelCardTest -->
