<?xml version="1.0" encoding="UTF-8"?>
<!-- Generated by org.testng.reporters.JUnitReportReporter -->
<testsuite skipped="0" hostname="CPN-IT-ANILKUMAR" name="testcases.UnmatchedCarrierAdminNextDayTest" tests="2" failures="0" timestamp="23 May 2018 09:30:24 GMT" time="17.980" errors="0">
  <testcase name="Home" time="4.467" classname="testcases.UnmatchedCarrierAdminNextDayTest"/>
  <testcase name="adminLogin" time="13.513" classname="testcases.UnmatchedCarrierAdminNextDayTest"/>
</testsuite> <!-- testcases.UnmatchedCarrierAdminNextDayTest -->
