<?xml version="1.0" encoding="UTF-8"?>
<!-- Generated by org.testng.reporters.JUnitReportReporter -->
<testsuite skipped="0" hostname="CPN-IT-ANILKUMAR" name="testcases.BrokerOutlookCanadaTest" tests="2" failures="0" timestamp="22 May 2018 17:55:58 GMT" time="66.558" errors="0">
  <testcase name="login" time="7.875" classname="testcases.BrokerOutlookCanadaTest"/>
  <testcase name="outlookloginTest" time="58.683" classname="testcases.BrokerOutlookCanadaTest"/>
</testsuite> <!-- testcases.BrokerOutlookCanadaTest -->
