<?xml version="1.0" encoding="UTF-8"?>
<!-- Generated by org.testng.reporters.JUnitReportReporter -->
<testsuite skipped="0" hostname="CPN-IT-ANILKUMAR" name="testcases.UnmatchedCarrierNextDayACHTest" tests="1" failures="0" timestamp="23 May 2018 11:41:41 GMT" time="34.302" errors="0">
  <testcase name="carrierPaymenowNextDAYACH" time="34.302" classname="testcases.UnmatchedCarrierNextDayACHTest"/>
</testsuite> <!-- testcases.UnmatchedCarrierNextDayACHTest -->
