<?xml version="1.0" encoding="UTF-8"?>
<!-- Generated by org.testng.reporters.JUnitReportReporter -->
<testsuite skipped="0" hostname="CPN-IT-ANILKUMAR" name="testcases.CarrierOutlookCanadaTest" tests="2" failures="0" timestamp="22 May 2018 17:55:58 GMT" time="63.092" errors="0">
  <testcase name="login" time="9.295" classname="testcases.CarrierOutlookCanadaTest"/>
  <testcase name="outlookloginTest" time="53.797" classname="testcases.CarrierOutlookCanadaTest"/>
</testsuite> <!-- testcases.CarrierOutlookCanadaTest -->
