<?xml version="1.0" encoding="UTF-8"?>
<!-- Generated by org.testng.reporters.JUnitReportReporter -->
<testsuite skipped="0" hostname="CPN-IT-ANILKUMAR" name="testcases.BrokerCanadaFirstLoginTest" tests="1" failures="0" timestamp="22 May 2018 17:55:58 GMT" time="7.381" errors="0">
  <testcase name="loginTest" time="7.381" classname="testcases.BrokerCanadaFirstLoginTest"/>
</testsuite> <!-- testcases.BrokerCanadaFirstLoginTest -->
