<?xml version="1.0" encoding="UTF-8"?>
<!-- Generated by org.testng.reporters.JUnitReportReporter -->
<testsuite skipped="0" hostname="CPN-IT-ANILKUMAR" name="testcases.UnmatchedCarrierOutlookNextDayTest" tests="3" failures="0" timestamp="07 Jun 2018 11:42:51 GMT" time="97.482" errors="0">
  <testcase name="login" time="8.810" classname="testcases.UnmatchedCarrierOutlookNextDayTest"/>
  <testcase name="outlookloginTest" time="58.690" classname="testcases.UnmatchedCarrierOutlookNextDayTest"/>
  <testcase name="CarrierRegister" time="29.982" classname="testcases.UnmatchedCarrierOutlookNextDayTest"/>
</testsuite> <!-- testcases.UnmatchedCarrierOutlookNextDayTest -->
