<?xml version="1.0" encoding="UTF-8"?>
<!-- Generated by org.testng.reporters.JUnitReportReporter -->
<testsuite skipped="0" hostname="CPN-IT-ANILKUMAR" name="testcases.ShipperSchedulePaymentTest" tests="3" failures="0" timestamp="22 May 2018 17:55:58 GMT" time="43.092" errors="0">
  <testcase name="loginBroker" time="3.234" classname="testcases.ShipperSchedulePaymentTest"/>
  <testcase name="brokernewPayment" time="19.880" classname="testcases.ShipperSchedulePaymentTest"/>
  <testcase name="brokernewPayment" time="19.978" classname="testcases.ShipperSchedulePaymentTest"/>
</testsuite> <!-- testcases.ShipperSchedulePaymentTest -->
