<?xml version="1.0" encoding="UTF-8"?>
<!-- Generated by org.testng.reporters.JUnitReportReporter -->
<testsuite skipped="0" hostname="CPN-IT-ANILKUMAR" name="testcases.UnmatchedCariierEmailVerifyNextDayTest" tests="2" failures="0" timestamp="23 May 2018 09:30:24 GMT" time="45.269" errors="0">
  <testcase name="login" time="7.717" classname="testcases.UnmatchedCariierEmailVerifyNextDayTest"/>
  <testcase name="outlookloginTest" time="37.552" classname="testcases.UnmatchedCariierEmailVerifyNextDayTest"/>
</testsuite> <!-- testcases.UnmatchedCariierEmailVerifyNextDayTest -->
