<?xml version="1.0" encoding="UTF-8"?>
<!-- Generated by org.testng.reporters.JUnitReportReporter -->
<testsuite skipped="0" hostname="CPN-IT-ANILKUMAR" name="testcases.ShipperSchedulePaymentTest" tests="2" failures="0" timestamp="23 May 2018 09:30:24 GMT" time="22.186" errors="0">
  <testcase name="loginBroker" time="2.923" classname="testcases.ShipperSchedulePaymentTest"/>
  <testcase name="brokernewPayment" time="19.263" classname="testcases.ShipperSchedulePaymentTest"/>
</testsuite> <!-- testcases.ShipperSchedulePaymentTest -->
