<?xml version="1.0" encoding="UTF-8"?>
<!-- Generated by org.testng.reporters.JUnitReportReporter -->
<testsuite skipped="0" hostname="FRG-ChrisKaenel" name="testcases.CarrierlockedAccountResetPasswordTest" tests="5" failures="0" timestamp="28 Jun 2018 18:17:50 GMT" time="126.615" errors="0">
  <testcase name="verifyCarrierAccountLocked" time="33.204" classname="testcases.CarrierlockedAccountResetPasswordTest"/>
  <testcase name="verifyLockedAccountResetPassword" time="2.040" classname="testcases.CarrierlockedAccountResetPasswordTest"/>
  <testcase name="verifyCarrierEmailInOutlookTest" time="80.731" classname="testcases.CarrierlockedAccountResetPasswordTest"/>
  <testcase name="verifyResetPassword" time="6.442" classname="testcases.CarrierlockedAccountResetPasswordTest"/>
  <testcase name="verifyCarrierLoginWithNewPassword" time="4.198" classname="testcases.CarrierlockedAccountResetPasswordTest"/>
</testsuite> <!-- testcases.CarrierlockedAccountResetPasswordTest -->
