<?xml version="1.0" encoding="UTF-8"?>
<!-- Generated by org.testng.reporters.JUnitReportReporter -->
<testsuite skipped="0" hostname="CPN-IT-ANILKUMAR" name="testcases.UnmatchedNewPaymentAdminCarrierTest" tests="2" failures="0" timestamp="07 Jun 2018 11:42:51 GMT" time="17.438" errors="0">
  <testcase name="Home" time="4.136" classname="testcases.UnmatchedNewPaymentAdminCarrierTest"/>
  <testcase name="adminLogin" time="13.302" classname="testcases.UnmatchedNewPaymentAdminCarrierTest"/>
</testsuite> <!-- testcases.UnmatchedNewPaymentAdminCarrierTest -->
