<?xml version="1.0" encoding="UTF-8"?>
<!-- Generated by org.testng.reporters.JUnitReportReporter -->
<testsuite skipped="0" hostname="CPN-IT-ANILKUMAR" name="testcases.CarrierSchedulePaymentTest" tests="2" failures="0" timestamp="23 May 2018 11:41:41 GMT" time="24.826" errors="0">
  <testcase name="loginCarrier" time="7.295" classname="testcases.CarrierSchedulePaymentTest"/>
  <testcase name="carrierPaymeNow" time="17.531" classname="testcases.CarrierSchedulePaymentTest"/>
</testsuite> <!-- testcases.CarrierSchedulePaymentTest -->
