<?xml version="1.0" encoding="UTF-8"?>
<!-- Generated by org.testng.reporters.JUnitReportReporter -->
<testsuite skipped="0" hostname="CPN-IT-ANILKUMAR" name="testcases.BrokerPaymentforUnmatchedCarrierTest" tests="2" failures="0" timestamp="04 Jun 2018 12:02:52 GMT" time="23.321" errors="0">
  <testcase name="loginBroker" time="2.784" classname="testcases.BrokerPaymentforUnmatchedCarrierTest"/>
  <testcase name="brokernewPayment" time="20.537" classname="testcases.BrokerPaymentforUnmatchedCarrierTest"/>
</testsuite> <!-- testcases.BrokerPaymentforUnmatchedCarrierTest -->
