<?xml version="1.0" encoding="UTF-8"?>
<!-- Generated by org.testng.reporters.JUnitReportReporter -->
<testsuite skipped="0" hostname="CPN-IT-ANILKUMAR" name="testcases.UnmatchedCarrierSameDayACHTest" tests="1" failures="0" timestamp="23 May 2018 07:22:20 GMT" time="10.569" errors="0">
  <testcase name="carrierPaymenowSameDayACH" time="10.569" classname="testcases.UnmatchedCarrierSameDayACHTest"/>
</testsuite> <!-- testcases.UnmatchedCarrierSameDayACHTest -->
