<?xml version="1.0" encoding="UTF-8"?>
<!-- Generated by org.testng.reporters.JUnitReportReporter -->
<testsuite skipped="0" hostname="CPN-IT-ANILKUMAR" name="testcases.CarrierPayMeNowTabTest" tests="2" failures="0" timestamp="22 May 2018 16:37:19 GMT" time="16.222" errors="0">
  <testcase name="loginCarrier" time="4.866" classname="testcases.CarrierPayMeNowTabTest"/>
  <testcase name="carrierPaymeNow" time="11.356" classname="testcases.CarrierPayMeNowTabTest"/>
</testsuite> <!-- testcases.CarrierPayMeNowTabTest -->
