<?xml version="1.0" encoding="UTF-8"?>
<!-- Generated by org.testng.reporters.JUnitReportReporter -->
<testsuite skipped="0" hostname="CPN-IT-ANILKUMAR" name="testcases.UnmatchedNewPaymentAdminCarrierTest" tests="2" failures="0" timestamp="23 May 2018 11:41:41 GMT" time="18.436" errors="0">
  <testcase name="Home" time="5.199" classname="testcases.UnmatchedNewPaymentAdminCarrierTest"/>
  <testcase name="adminLogin" time="13.237" classname="testcases.UnmatchedNewPaymentAdminCarrierTest"/>
</testsuite> <!-- testcases.UnmatchedNewPaymentAdminCarrierTest -->
