<?xml version="1.0" encoding="UTF-8"?>
<!-- Generated by org.testng.reporters.JUnitReportReporter -->
<testsuite skipped="0" hostname="CPN-IT-ANILKUMAR" name="testcases.UnmatchedCariierEmailVerifyWiretRansferTest" tests="2" failures="0" timestamp="23 May 2018 07:22:20 GMT" time="50.501" errors="0">
  <testcase name="login" time="11.220" classname="testcases.UnmatchedCariierEmailVerifyWiretRansferTest"/>
  <testcase name="outlookloginTest" time="39.281" classname="testcases.UnmatchedCariierEmailVerifyWiretRansferTest"/>
</testsuite> <!-- testcases.UnmatchedCariierEmailVerifyWiretRansferTest -->
