<?xml version="1.0" encoding="UTF-8"?>
<!-- Generated by org.testng.reporters.JUnitReportReporter -->
<testsuite skipped="0" hostname="CPN-IT-ANILKUMAR" name="testcases.CarrierWireTransferTest" tests="2" failures="0" timestamp="23 May 2018 07:22:20 GMT" time="25.598" errors="0">
  <testcase name="loginTest" time="3.547" classname="testcases.CarrierWireTransferTest"/>
  <testcase name="carrierPaymenowWirTransfer" time="22.051" classname="testcases.CarrierWireTransferTest"/>
</testsuite> <!-- testcases.CarrierWireTransferTest -->
