<?xml version="1.0" encoding="UTF-8"?>
<!-- Generated by org.testng.reporters.JUnitReportReporter -->
<testsuite skipped="0" hostname="CPN-IT-ANILKUMAR" name="testcases.AdminCarrierCanadaTest" tests="2" failures="0" timestamp="07 Jun 2018 11:42:51 GMT" time="19.315" errors="0">
  <testcase name="Home" time="4.611" classname="testcases.AdminCarrierCanadaTest"/>
  <testcase name="adminLogin" time="14.704" classname="testcases.AdminCarrierCanadaTest"/>
</testsuite> <!-- testcases.AdminCarrierCanadaTest -->
