<?xml version="1.0" encoding="UTF-8"?>
<!-- Generated by org.testng.reporters.JUnitReportReporter -->
<testsuite skipped="0" hostname="CPN-IT-ANILKUMAR" name="testcases.CarrierNextDAYACHTest" tests="2" failures="0" timestamp="23 May 2018 07:22:20 GMT" time="32.317" errors="0">
  <testcase name="loginTest" time="5.309" classname="testcases.CarrierNextDAYACHTest"/>
  <testcase name="carrierPaymenowNextDAYACH" time="27.008" classname="testcases.CarrierNextDAYACHTest"/>
</testsuite> <!-- testcases.CarrierNextDAYACHTest -->
